[INFO] 2019-07-10 18:28:00 > Run name : None
[INFO] 2019-07-10 18:28:00 > None
[INFO] 2019-07-10 18:28:00 > Constructing dictionaries...
[INFO] 2019-07-10 18:28:00 > dictionary vocabulary : 11 tokens
[INFO] 2019-07-10 18:28:00 > Loading datasets...
[INFO] 2019-07-10 18:28:00 > Train dataset size : 2
[INFO] 2019-07-10 18:28:00 > Building model...
[INFO] 2019-07-10 18:28:00 > BERT(
  (encoder): TransformerEncoder(
    (encoder_layers): ModuleList(
      (0): TransformerEncoderLayer(
        (self_attention_layer): Sublayer(
          (sublayer): MultiHeadAttention(
            (query_projection): Linear(in_features=128, out_features=128, bias=True)
            (key_projection): Linear(in_features=128, out_features=128, bias=True)
            (value_projection): Linear(in_features=128, out_features=128, bias=True)
            (final_projection): Linear(in_features=128, out_features=128, bias=True)
            (dropout): Dropout(p=0.1)
            (softmax): Softmax()
          )
          (layer_normalization): LayerNormalization()
        )
        (pointwise_feedforward_layer): Sublayer(
          (sublayer): PointwiseFeedForwardNetwork(
            (feed_forward): Sequential(
              (0): Linear(in_features=128, out_features=128, bias=True)
              (1): Dropout(p=0.1)
              (2): GELU()
              (3): Linear(in_features=128, out_features=128, bias=True)
              (4): Dropout(p=0.1)
            )
          )
          (layer_normalization): LayerNormalization()
        )
        (dropout): Dropout(p=0.1)
      )
    )
  )
  (token_embedding): Embedding(11, 128)
  (positional_embedding): PositionalEmbedding(
    (positional_embedding): Embedding(512, 128)
  )
  (segment_embedding): SegmentEmbedding(
    (segment_embedding): Embedding(2, 128)
  )
  (token_prediction_layer): Linear(in_features=128, out_features=11, bias=True)
  (classification_layer): Linear(in_features=128, out_features=2, bias=True)
)
[INFO] 2019-07-10 18:28:00 > 168461 parameters
[INFO] 2019-07-10 18:28:00 > Start training...
[INFO] 2019-07-10 18:28:00 > Epoch:   0 Progress: 0.0% Elapsed: 0:00:00 Examples/second: 2e+00 Train Loss: inf Val Loss: inf Train Metrics: [inf] Val Metrics: [inf] Learning rate: 1.768e-07 
[INFO] 2019-07-10 18:28:00 > Saved model to checkpoint/model.model/epoch=000-val_loss=inf-val_metrics=inf.pth
[INFO] 2019-07-10 18:28:00 > Current best model is checkpoint/model.model/epoch=000-val_loss=inf-val_metrics=inf.pth
[INFO] 2019-07-10 18:28:00 > Epoch:   1 Progress: 1.0% Elapsed: 0:00:00 Examples/second: 2e+00 Train Loss: 2.08028 Val Loss: 2.81075 Train Metrics: [0.0, 0.6667] Val Metrics: [0.0, 0.3333] Learning rate: 3.536e-07 
[INFO] 2019-07-10 18:28:00 > Epoch:   2 Progress: 2.0% Elapsed: 0:00:00 Examples/second: 2e+00 Train Loss: 3.1001 Val Loss: 3.24844 Train Metrics: [0.0, 0.0] Val Metrics: [0.0, 0.4286] Learning rate: 5.303e-07 
[INFO] 2019-07-10 18:28:00 > Epoch:   3 Progress: 3.0% Elapsed: 0:00:00 Examples/second: 2e+00 Train Loss: 3.18273 Val Loss: 2.68133 Train Metrics: [0.0, 0.0] Val Metrics: [0.0, 0.0] Learning rate: 7.071e-07 
[INFO] 2019-07-10 18:28:00 > Epoch:   4 Progress: 4.0% Elapsed: 0:00:00 Examples/second: 2e+00 Train Loss: 0.0 Val Loss: 2.7529 Train Metrics: [nan, 0.0] Val Metrics: [0.0, 0.375] Learning rate: 8.839e-07 
[INFO] 2019-07-10 18:28:00 > Epoch:   5 Progress: 5.0% Elapsed: 0:00:00 Examples/second: 2e+00 Train Loss: 2.61358 Val Loss: 1.73392 Train Metrics: [0.0, 0.4] Val Metrics: [0.0, 0.25] Learning rate: 1.061e-06 
[INFO] 2019-07-10 18:28:00 > Epoch:   6 Progress: 6.0% Elapsed: 0:00:00 Examples/second: 2e+00 Train Loss: 2.33417 Val Loss: 2.53676 Train Metrics: [0.0, 0.3333] Val Metrics: [0.0, 0.375] Learning rate: 1.237e-06 
[INFO] 2019-07-10 18:28:00 > Epoch:   7 Progress: 7.0% Elapsed: 0:00:00 Examples/second: 2e+00 Train Loss: 2.67088 Val Loss: 2.86512 Train Metrics: [0.0, 0.4] Val Metrics: [0.0, 0.4167] Learning rate: 1.414e-06 
[INFO] 2019-07-10 18:28:00 > Epoch:   8 Progress: 8.0% Elapsed: 0:00:00 Examples/second: 2e+00 Train Loss: 2.77997 Val Loss: 2.62784 Train Metrics: [0.0, 0.375] Val Metrics: [0.0, 0.0] Learning rate: 1.591e-06 
[INFO] 2019-07-10 18:28:00 > Epoch:   9 Progress: 9.0% Elapsed: 0:00:00 Examples/second: 2e+00 Train Loss: 3.14933 Val Loss: 2.27308 Train Metrics: [0.0, 0.0] Val Metrics: [0.0, 0.3333] Learning rate: 1.768e-06 
[INFO] 2019-07-10 18:28:00 > Epoch:  10 Progress: 10.0% Elapsed: 0:00:00 Examples/second: 2e+00 Train Loss: 3.27645 Val Loss: 2.752 Train Metrics: [0.0, 0.0] Val Metrics: [0.0, 0.4167] Learning rate: 1.945e-06 
[INFO] 2019-07-10 18:28:00 > Saved model to checkpoint/model.model/epoch=010-val_loss=2.75-val_metrics=0.0-0.417.pth
[INFO] 2019-07-10 18:28:00 > Current best model is checkpoint/model.model/epoch=010-val_loss=2.75-val_metrics=0.0-0.417.pth
[INFO] 2019-07-10 18:28:00 > Epoch:  11 Progress: 11.0% Elapsed: 0:00:00 Examples/second: 2e+00 Train Loss: 2.95887 Val Loss: 2.83518 Train Metrics: [0.0, 0.75] Val Metrics: [0.0, 0.0] Learning rate: 2.121e-06 
[INFO] 2019-07-10 18:28:00 > Epoch:  12 Progress: 12.0% Elapsed: 0:00:00 Examples/second: 2e+00 Train Loss: 1.90209 Val Loss: 2.40708 Train Metrics: [0.0, 0.0] Val Metrics: [0.0, 0.75] Learning rate: 2.298e-06 
[INFO] 2019-07-10 18:28:00 > Epoch:  13 Progress: 13.0% Elapsed: 0:00:00 Examples/second: 2e+00 Train Loss: 0.0 Val Loss: 2.87771 Train Metrics: [nan, 0.0] Val Metrics: [0.0, 0.0] Learning rate: 2.475e-06 
[INFO] 2019-07-10 18:28:00 > Epoch:  14 Progress: 14.0% Elapsed: 0:00:00 Examples/second: 2e+00 Train Loss: 2.55498 Val Loss: 2.72893 Train Metrics: [0.0, 0.0] Val Metrics: [0.0, 0.0] Learning rate: 2.652e-06 
[INFO] 2019-07-10 18:28:00 > Epoch:  15 Progress: 15.0% Elapsed: 0:00:00 Examples/second: 2e+00 Train Loss: 2.34156 Val Loss: 2.64376 Train Metrics: [0.0, 0.75] Val Metrics: [0.0, 0.0] Learning rate: 2.828e-06 
[INFO] 2019-07-10 18:28:00 > Epoch:  16 Progress: 16.0% Elapsed: 0:00:00 Examples/second: 2e+00 Train Loss: 2.7353 Val Loss: 2.51197 Train Metrics: [0.0, 0.8333] Val Metrics: [0.0, 0.3333] Learning rate: 3.005e-06 
[INFO] 2019-07-10 18:28:00 > Epoch:  17 Progress: 17.0% Elapsed: 0:00:00 Examples/second: 2e+00 Train Loss: 1.87939 Val Loss: 2.25889 Train Metrics: [0.0, 0.0] Val Metrics: [0.0, 0.25] Learning rate: 3.182e-06 
[INFO] 2019-07-10 18:28:00 > Epoch:  18 Progress: 18.0% Elapsed: 0:00:00 Examples/second: 2e+00 Train Loss: 2.40899 Val Loss: 2.94824 Train Metrics: [0.0, 0.8] Val Metrics: [0.0, 0.4167] Learning rate: 3.359e-06 
[INFO] 2019-07-10 18:28:00 > Epoch:  19 Progress: 19.0% Elapsed: 0:00:00 Examples/second: 2e+00 Train Loss: 2.12882 Val Loss: 2.17311 Train Metrics: [0.0, 0.3333] Val Metrics: [0.0, 0.3333] Learning rate: 3.536e-06 
[INFO] 2019-07-10 18:28:01 > Epoch:  20 Progress: 20.0% Elapsed: 0:00:00 Examples/second: 2e+00 Train Loss: 1.65658 Val Loss: 2.54697 Train Metrics: [0.0, 0.5] Val Metrics: [0.0, 0.0] Learning rate: 3.712e-06 
[INFO] 2019-07-10 18:28:01 > Saved model to checkpoint/model.model/epoch=020-val_loss=2.55-val_metrics=0.0-0.0.pth
[INFO] 2019-07-10 18:28:01 > Current best model is checkpoint/model.model/epoch=010-val_loss=2.75-val_metrics=0.0-0.417.pth
[INFO] 2019-07-10 18:28:01 > Epoch:  21 Progress: 21.0% Elapsed: 0:00:00 Examples/second: 2e+00 Train Loss: 2.85594 Val Loss: 1.83317 Train Metrics: [0.0, 0.4] Val Metrics: [0.0, 0.25] Learning rate: 3.889e-06 
[INFO] 2019-07-10 18:28:01 > Epoch:  22 Progress: 22.0% Elapsed: 0:00:00 Examples/second: 2e+00 Train Loss: 2.40546 Val Loss: 1.93342 Train Metrics: [0.0, 0.0] Val Metrics: [0.0, 0.6667] Learning rate: 4.066e-06 
[INFO] 2019-07-10 18:28:01 > Epoch:  23 Progress: 23.0% Elapsed: 0:00:00 Examples/second: 2e+00 Train Loss: 3.20744 Val Loss: 1.51409 Train Metrics: [0.0, 0.0] Val Metrics: [0.0, 0.25] Learning rate: 4.243e-06 
[INFO] 2019-07-10 18:28:01 > Epoch:  24 Progress: 24.0% Elapsed: 0:00:00 Examples/second: 2e+00 Train Loss: 2.72575 Val Loss: 3.16485 Train Metrics: [0.0, 0.3333] Val Metrics: [0.0, 0.0] Learning rate: 4.419e-06 
[INFO] 2019-07-10 18:28:01 > Epoch:  25 Progress: 25.0% Elapsed: 0:00:00 Examples/second: 2e+00 Train Loss: 2.64074 Val Loss: 2.65424 Train Metrics: [0.0, 0.4] Val Metrics: [0.0, 0.75] Learning rate: 4.596e-06 
[INFO] 2019-07-10 18:28:01 > Epoch:  26 Progress: 26.0% Elapsed: 0:00:00 Examples/second: 2e+00 Train Loss: 1.77067 Val Loss: 2.7776 Train Metrics: [0.0, 0.25] Val Metrics: [0.0, 0.4] Learning rate: 4.773e-06 
[INFO] 2019-07-10 18:28:01 > Epoch:  27 Progress: 27.0% Elapsed: 0:00:00 Examples/second: 2e+00 Train Loss: 1.51831 Val Loss: 1.89315 Train Metrics: [0.0, 0.25] Val Metrics: [0.0, 0.25] Learning rate: 4.95e-06 
[INFO] 2019-07-10 18:28:01 > Epoch:  28 Progress: 28.0% Elapsed: 0:00:01 Examples/second: 2e+00 Train Loss: 2.80357 Val Loss: 0.0 Train Metrics: [0.0, 0.4286] Val Metrics: [nan, 0.0] Learning rate: 5.127e-06 
[INFO] 2019-07-10 18:28:01 > Epoch:  29 Progress: 29.0% Elapsed: 0:00:01 Examples/second: 2e+00 Train Loss: 2.38561 Val Loss: 2.85274 Train Metrics: [0.0, 0.8] Val Metrics: [0.0, 0.4] Learning rate: 5.303e-06 
[INFO] 2019-07-10 18:28:01 > Epoch:  30 Progress: 30.0% Elapsed: 0:00:01 Examples/second: 2e+00 Train Loss: 2.7554 Val Loss: 2.90999 Train Metrics: [0.0, 0.0] Val Metrics: [0.0, 0.4167] Learning rate: 5.48e-06 
[INFO] 2019-07-10 18:28:01 > Saved model to checkpoint/model.model/epoch=030-val_loss=2.91-val_metrics=0.0-0.417.pth
[INFO] 2019-07-10 18:28:01 > Current best model is checkpoint/model.model/epoch=010-val_loss=2.75-val_metrics=0.0-0.417.pth
[INFO] 2019-07-10 18:28:01 > Epoch:  31 Progress: 31.0% Elapsed: 0:00:01 Examples/second: 2e+00 Train Loss: 2.37555 Val Loss: 2.29627 Train Metrics: [0.0, 0.6667] Val Metrics: [0.0, 0.3333] Learning rate: 5.657e-06 
[INFO] 2019-07-10 18:28:01 > Epoch:  32 Progress: 32.0% Elapsed: 0:00:01 Examples/second: 2e+00 Train Loss: 2.68304 Val Loss: 1.7442 Train Metrics: [0.0, 0.0] Val Metrics: [0.0, 0.25] Learning rate: 5.834e-06 
[INFO] 2019-07-10 18:28:01 > Epoch:  33 Progress: 33.0% Elapsed: 0:00:01 Examples/second: 2e+00 Train Loss: 2.87809 Val Loss: 2.60513 Train Metrics: [0.0, 0.4167] Val Metrics: [0.0, 0.3333] Learning rate: 6.01e-06 
[INFO] 2019-07-10 18:28:01 > Epoch:  34 Progress: 34.0% Elapsed: 0:00:01 Examples/second: 2e+00 Train Loss: 2.20036 Val Loss: 2.05499 Train Metrics: [0.0, 0.3333] Val Metrics: [0.0, 0.3333] Learning rate: 6.187e-06 
[INFO] 2019-07-10 18:28:01 > Epoch:  35 Progress: 35.0% Elapsed: 0:00:01 Examples/second: 2e+00 Train Loss: 2.60689 Val Loss: 2.09735 Train Metrics: [0.0, 0.3333] Val Metrics: [0.0, 0.5] Learning rate: 6.364e-06 
[INFO] 2019-07-10 18:28:01 > Epoch:  36 Progress: 36.0% Elapsed: 0:00:01 Examples/second: 2e+00 Train Loss: 1.78598 Val Loss: 3.01808 Train Metrics: [0.0, 0.6667] Val Metrics: [0.0, 0.4] Learning rate: 6.541e-06 
[INFO] 2019-07-10 18:28:01 > Epoch:  37 Progress: 37.0% Elapsed: 0:00:01 Examples/second: 2e+00 Train Loss: 0.0 Val Loss: 2.21018 Train Metrics: [nan, 0.0] Val Metrics: [0.0, 0.75] Learning rate: 6.718e-06 
[INFO] 2019-07-10 18:28:01 > Epoch:  38 Progress: 38.0% Elapsed: 0:00:01 Examples/second: 2e+00 Train Loss: 1.69431 Val Loss: 2.57218 Train Metrics: [0.0, 0.0] Val Metrics: [0.2, 0.4] Learning rate: 6.894e-06 
[INFO] 2019-07-10 18:28:01 > Epoch:  39 Progress: 39.0% Elapsed: 0:00:01 Examples/second: 2e+00 Train Loss: 0.0 Val Loss: 2.94402 Train Metrics: [nan, 0.0] Val Metrics: [0.0, 0.4167] Learning rate: 7.071e-06 
[INFO] 2019-07-10 18:28:01 > Epoch:  40 Progress: 40.0% Elapsed: 0:00:01 Examples/second: 2e+00 Train Loss: 2.10983 Val Loss: 2.40594 Train Metrics: [0.0, 0.0] Val Metrics: [0.0, 0.3333] Learning rate: 7.248e-06 
[INFO] 2019-07-10 18:28:01 > Saved model to checkpoint/model.model/epoch=040-val_loss=2.41-val_metrics=0.0-0.333.pth
[INFO] 2019-07-10 18:28:01 > Current best model is checkpoint/model.model/epoch=010-val_loss=2.75-val_metrics=0.0-0.417.pth
[INFO] 2019-07-10 18:28:01 > Epoch:  41 Progress: 41.0% Elapsed: 0:00:01 Examples/second: 2e+00 Train Loss: 3.17697 Val Loss: 2.90716 Train Metrics: [0.0, 0.375] Val Metrics: [0.0, 0.375] Learning rate: 7.425e-06 
[INFO] 2019-07-10 18:28:01 > Epoch:  42 Progress: 42.0% Elapsed: 0:00:01 Examples/second: 2e+00 Train Loss: 2.00903 Val Loss: 2.39556 Train Metrics: [0.0, 0.6667] Val Metrics: [0.0, 0.375] Learning rate: 7.601e-06 
[INFO] 2019-07-10 18:28:01 > Epoch:  43 Progress: 43.0% Elapsed: 0:00:01 Examples/second: 2e+00 Train Loss: 2.925 Val Loss: 2.56565 Train Metrics: [0.0, 0.0] Val Metrics: [0.0, 0.0] Learning rate: 7.778e-06 
[INFO] 2019-07-10 18:28:01 > Epoch:  44 Progress: 44.0% Elapsed: 0:00:01 Examples/second: 2e+00 Train Loss: 2.76947 Val Loss: 2.72946 Train Metrics: [0.0, 0.0] Val Metrics: [0.0, 0.0] Learning rate: 7.955e-06 
[INFO] 2019-07-10 18:28:01 > Epoch:  45 Progress: 45.0% Elapsed: 0:00:01 Examples/second: 2e+00 Train Loss: 3.08004 Val Loss: 1.34215 Train Metrics: [0.0, 0.4] Val Metrics: [0.0, 0.5] Learning rate: 8.132e-06 
[INFO] 2019-07-10 18:28:01 > Epoch:  46 Progress: 46.0% Elapsed: 0:00:01 Examples/second: 2e+00 Train Loss: 0.0 Val Loss: 2.03844 Train Metrics: [nan, 0.0] Val Metrics: [0.0, 0.25] Learning rate: 8.309e-06 
[INFO] 2019-07-10 18:28:01 > Epoch:  47 Progress: 47.0% Elapsed: 0:00:01 Examples/second: 2e+00 Train Loss: 3.11663 Val Loss: 1.87854 Train Metrics: [0.0, 0.0] Val Metrics: [0.0, 0.25] Learning rate: 8.485e-06 
[INFO] 2019-07-10 18:28:01 > Epoch:  48 Progress: 48.0% Elapsed: 0:00:01 Examples/second: 2e+00 Train Loss: 2.30108 Val Loss: 2.39941 Train Metrics: [0.0, 0.3333] Val Metrics: [0.0, 0.75] Learning rate: 8.662e-06 
[INFO] 2019-07-10 18:28:02 > Epoch:  49 Progress: 49.0% Elapsed: 0:00:01 Examples/second: 2e+00 Train Loss: 2.21167 Val Loss: 2.08376 Train Metrics: [0.0, 0.3333] Val Metrics: [0.25, 0.75] Learning rate: 8.839e-06 
[INFO] 2019-07-10 18:28:02 > Epoch:  50 Progress: 50.0% Elapsed: 0:00:01 Examples/second: 2e+00 Train Loss: 2.70787 Val Loss: 2.46696 Train Metrics: [0.0, 0.0] Val Metrics: [0.0, 0.0] Learning rate: 9.016e-06 
[INFO] 2019-07-10 18:28:02 > Saved model to checkpoint/model.model/epoch=050-val_loss=2.47-val_metrics=0.0-0.0.pth
[INFO] 2019-07-10 18:28:02 > Current best model is checkpoint/model.model/epoch=010-val_loss=2.75-val_metrics=0.0-0.417.pth
[INFO] 2019-07-10 18:28:02 > Epoch:  51 Progress: 51.0% Elapsed: 0:00:01 Examples/second: 2e+00 Train Loss: 2.92573 Val Loss: 2.32669 Train Metrics: [0.0, 0.0] Val Metrics: [0.0, 0.3333] Learning rate: 9.192e-06 
[INFO] 2019-07-10 18:28:02 > Epoch:  52 Progress: 52.0% Elapsed: 0:00:01 Examples/second: 2e+00 Train Loss: 2.61631 Val Loss: 3.20997 Train Metrics: [0.0, 0.375] Val Metrics: [0.0, 0.4] Learning rate: 9.369e-06 
[INFO] 2019-07-10 18:28:02 > Epoch:  53 Progress: 53.0% Elapsed: 0:00:01 Examples/second: 2e+00 Train Loss: 2.53392 Val Loss: 2.41047 Train Metrics: [0.0, 0.375] Val Metrics: [0.0, 0.375] Learning rate: 9.546e-06 
[INFO] 2019-07-10 18:28:02 > Epoch:  54 Progress: 54.0% Elapsed: 0:00:02 Examples/second: 2e+00 Train Loss: 2.53799 Val Loss: 3.02631 Train Metrics: [0.0, 0.75] Val Metrics: [0.0, 0.0] Learning rate: 9.723e-06 
[INFO] 2019-07-10 18:28:02 > Epoch:  55 Progress: 55.0% Elapsed: 0:00:02 Examples/second: 2e+00 Train Loss: 2.49733 Val Loss: 1.81518 Train Metrics: [0.0, 0.8] Val Metrics: [0.0, 0.25] Learning rate: 9.899e-06 
[INFO] 2019-07-10 18:28:02 > Epoch:  56 Progress: 56.0% Elapsed: 0:00:02 Examples/second: 2e+00 Train Loss: 2.50635 Val Loss: 2.34111 Train Metrics: [0.0, 0.0] Val Metrics: [0.0, 0.0] Learning rate: 1.008e-05 
[INFO] 2019-07-10 18:28:02 > Epoch:  57 Progress: 57.0% Elapsed: 0:00:02 Examples/second: 2e+00 Train Loss: 2.47143 Val Loss: 1.68932 Train Metrics: [0.0, 0.375] Val Metrics: [0.0, 0.5] Learning rate: 1.025e-05 
[INFO] 2019-07-10 18:28:02 > Epoch:  58 Progress: 58.0% Elapsed: 0:00:02 Examples/second: 2e+00 Train Loss: 2.62102 Val Loss: 2.73863 Train Metrics: [0.0, 0.375] Val Metrics: [0.2, 0.8] Learning rate: 1.043e-05 
[INFO] 2019-07-10 18:28:02 > Epoch:  59 Progress: 59.0% Elapsed: 0:00:02 Examples/second: 2e+00 Train Loss: 2.21362 Val Loss: 2.62937 Train Metrics: [0.0, 0.3333] Val Metrics: [0.0, 0.375] Learning rate: 1.061e-05 
[INFO] 2019-07-10 18:28:02 > Epoch:  60 Progress: 60.0% Elapsed: 0:00:02 Examples/second: 2e+00 Train Loss: 1.87821 Val Loss: 2.90941 Train Metrics: [0.0, 0.25] Val Metrics: [0.0, 0.0] Learning rate: 1.078e-05 
[INFO] 2019-07-10 18:28:02 > Saved model to checkpoint/model.model/epoch=060-val_loss=2.91-val_metrics=0.0-0.0.pth
[INFO] 2019-07-10 18:28:02 > Current best model is checkpoint/model.model/epoch=010-val_loss=2.75-val_metrics=0.0-0.417.pth
[INFO] 2019-07-10 18:28:02 > Epoch:  61 Progress: 61.0% Elapsed: 0:00:02 Examples/second: 2e+00 Train Loss: 2.18697 Val Loss: 2.44079 Train Metrics: [0.0, 0.6667] Val Metrics: [0.0, 0.375] Learning rate: 1.096e-05 
[INFO] 2019-07-10 18:28:02 > Epoch:  62 Progress: 62.0% Elapsed: 0:00:02 Examples/second: 2e+00 Train Loss: 1.71098 Val Loss: 0.0 Train Metrics: [0.0, 0.25] Val Metrics: [nan, 0.0] Learning rate: 1.114e-05 
[INFO] 2019-07-10 18:28:02 > Epoch:  63 Progress: 63.0% Elapsed: 0:00:02 Examples/second: 2e+00 Train Loss: 3.01785 Val Loss: 1.85177 Train Metrics: [0.0, 0.4375] Val Metrics: [0.0, 0.25] Learning rate: 1.131e-05 
[INFO] 2019-07-10 18:28:02 > Epoch:  64 Progress: 64.0% Elapsed: 0:00:02 Examples/second: 2e+00 Train Loss: 2.58587 Val Loss: 3.13635 Train Metrics: [0.0, 0.0] Val Metrics: [0.0, 0.375] Learning rate: 1.149e-05 
[INFO] 2019-07-10 18:28:02 > Epoch:  65 Progress: 65.0% Elapsed: 0:00:02 Examples/second: 2e+00 Train Loss: 1.62786 Val Loss: 2.29218 Train Metrics: [0.0, 0.25] Val Metrics: [0.0, 0.375] Learning rate: 1.167e-05 
[INFO] 2019-07-10 18:28:02 > Epoch:  66 Progress: 66.0% Elapsed: 0:00:02 Examples/second: 2e+00 Train Loss: 2.79195 Val Loss: 2.09962 Train Metrics: [0.0, 0.375] Val Metrics: [0.0, 0.3333] Learning rate: 1.184e-05 
[INFO] 2019-07-10 18:28:02 > Epoch:  67 Progress: 67.0% Elapsed: 0:00:02 Examples/second: 2e+00 Train Loss: 1.81751 Val Loss: 1.51932 Train Metrics: [0.0, 0.25] Val Metrics: [0.0, 0.5] Learning rate: 1.202e-05 
[INFO] 2019-07-10 18:28:02 > Epoch:  68 Progress: 68.0% Elapsed: 0:00:02 Examples/second: 2e+00 Train Loss: 2.05523 Val Loss: 2.96195 Train Metrics: [0.0, 0.6667] Val Metrics: [0.0, 0.0] Learning rate: 1.22e-05 
[INFO] 2019-07-10 18:28:02 > Epoch:  69 Progress: 69.0% Elapsed: 0:00:02 Examples/second: 2e+00 Train Loss: 1.98122 Val Loss: 1.70024 Train Metrics: [0.0, 0.0] Val Metrics: [0.0, 0.5] Learning rate: 1.237e-05 
[INFO] 2019-07-10 18:28:02 > Epoch:  70 Progress: 70.0% Elapsed: 0:00:02 Examples/second: 2e+00 Train Loss: 2.13763 Val Loss: 1.12493 Train Metrics: [0.0, 0.6667] Val Metrics: [0.5, 0.5] Learning rate: 1.255e-05 
[INFO] 2019-07-10 18:28:02 > Saved model to checkpoint/model.model/epoch=070-val_loss=1.12-val_metrics=0.5-0.5.pth
[INFO] 2019-07-10 18:28:02 > Current best model is checkpoint/model.model/epoch=010-val_loss=2.75-val_metrics=0.0-0.417.pth
[INFO] 2019-07-10 18:28:02 > Epoch:  71 Progress: 71.0% Elapsed: 0:00:02 Examples/second: 2e+00 Train Loss: 2.06096 Val Loss: 2.92173 Train Metrics: [0.0, 0.3333] Val Metrics: [0.0, 0.4] Learning rate: 1.273e-05 
[INFO] 2019-07-10 18:28:02 > Epoch:  72 Progress: 72.0% Elapsed: 0:00:02 Examples/second: 2e+00 Train Loss: 2.75104 Val Loss: 2.19697 Train Metrics: [0.0, 0.4] Val Metrics: [0.0, 0.75] Learning rate: 1.29e-05 
[INFO] 2019-07-10 18:28:02 > Epoch:  73 Progress: 73.0% Elapsed: 0:00:02 Examples/second: 2e+00 Train Loss: 2.82555 Val Loss: 1.82967 Train Metrics: [0.0, 0.3333] Val Metrics: [0.0, 0.0] Learning rate: 1.308e-05 
[INFO] 2019-07-10 18:28:02 > Epoch:  74 Progress: 74.0% Elapsed: 0:00:02 Examples/second: 2e+00 Train Loss: 2.73908 Val Loss: 2.40225 Train Metrics: [0.0, 0.0] Val Metrics: [0.0, 0.75] Learning rate: 1.326e-05 
[INFO] 2019-07-10 18:28:02 > Epoch:  75 Progress: 75.0% Elapsed: 0:00:02 Examples/second: 2e+00 Train Loss: 0.0 Val Loss: 2.50486 Train Metrics: [nan, 0.0] Val Metrics: [0.0, 0.4] Learning rate: 1.344e-05 
[INFO] 2019-07-10 18:28:02 > Epoch:  76 Progress: 76.0% Elapsed: 0:00:02 Examples/second: 2e+00 Train Loss: 2.74344 Val Loss: 2.49966 Train Metrics: [0.0, 0.4167] Val Metrics: [0.0, 0.375] Learning rate: 1.361e-05 
[INFO] 2019-07-10 18:28:02 > Epoch:  77 Progress: 77.0% Elapsed: 0:00:02 Examples/second: 2e+00 Train Loss: 1.60775 Val Loss: 2.6067 Train Metrics: [0.0, 0.0] Val Metrics: [0.0, 0.0] Learning rate: 1.379e-05 
[INFO] 2019-07-10 18:28:02 > Epoch:  78 Progress: 78.0% Elapsed: 0:00:02 Examples/second: 2e+00 Train Loss: 2.71261 Val Loss: 2.38914 Train Metrics: [0.0, 0.3333] Val Metrics: [0.0, 0.0] Learning rate: 1.397e-05 
[INFO] 2019-07-10 18:28:02 > Epoch:  79 Progress: 79.0% Elapsed: 0:00:02 Examples/second: 2e+00 Train Loss: 1.71629 Val Loss: 1.98312 Train Metrics: [0.0, 0.25] Val Metrics: [0.3333, 0.3333] Learning rate: 1.414e-05 
[INFO] 2019-07-10 18:28:03 > Epoch:  80 Progress: 80.0% Elapsed: 0:00:02 Examples/second: 2e+00 Train Loss: 2.86144 Val Loss: 2.6738 Train Metrics: [0.0, 0.0] Val Metrics: [0.0, 0.8] Learning rate: 1.432e-05 
[INFO] 2019-07-10 18:28:03 > Saved model to checkpoint/model.model/epoch=080-val_loss=2.67-val_metrics=0.0-0.8.pth
[INFO] 2019-07-10 18:28:03 > Current best model is checkpoint/model.model/epoch=010-val_loss=2.75-val_metrics=0.0-0.417.pth
[INFO] 2019-07-10 18:28:03 > Epoch:  81 Progress: 81.0% Elapsed: 0:00:02 Examples/second: 2e+00 Train Loss: 1.91557 Val Loss: 2.62847 Train Metrics: [0.0, 0.0] Val Metrics: [0.0, 0.375] Learning rate: 1.45e-05 
[INFO] 2019-07-10 18:28:03 > Epoch:  82 Progress: 82.0% Elapsed: 0:00:02 Examples/second: 2e+00 Train Loss: 1.84497 Val Loss: 1.79709 Train Metrics: [0.0, 0.0] Val Metrics: [0.0, 0.25] Learning rate: 1.467e-05 
[INFO] 2019-07-10 18:28:03 > Epoch:  83 Progress: 83.0% Elapsed: 0:00:03 Examples/second: 2e+00 Train Loss: 1.55756 Val Loss: 0.0 Train Metrics: [0.0, 0.5] Val Metrics: [nan, 0.0] Learning rate: 1.485e-05 
[INFO] 2019-07-10 18:28:03 > Epoch:  84 Progress: 84.0% Elapsed: 0:00:03 Examples/second: 2e+00 Train Loss: 1.68228 Val Loss: 2.20392 Train Metrics: [0.0, 0.5] Val Metrics: [0.0, 0.3333] Learning rate: 1.503e-05 
[INFO] 2019-07-10 18:28:03 > Epoch:  85 Progress: 85.0% Elapsed: 0:00:03 Examples/second: 2e+00 Train Loss: 2.30149 Val Loss: 2.47204 Train Metrics: [0.25, 0.375] Val Metrics: [0.0, 0.0] Learning rate: 1.52e-05 
[INFO] 2019-07-10 18:28:03 > Epoch:  86 Progress: 86.0% Elapsed: 0:00:03 Examples/second: 2e+00 Train Loss: 2.43286 Val Loss: 2.74415 Train Metrics: [0.0, 0.3333] Val Metrics: [0.0, 0.0] Learning rate: 1.538e-05 
[INFO] 2019-07-10 18:28:03 > Epoch:  87 Progress: 87.0% Elapsed: 0:00:03 Examples/second: 2e+00 Train Loss: 1.749 Val Loss: 3.10033 Train Metrics: [0.0, 0.25] Val Metrics: [0.0, 0.0] Learning rate: 1.556e-05 
[INFO] 2019-07-10 18:28:03 > Epoch:  88 Progress: 88.0% Elapsed: 0:00:03 Examples/second: 2e+00 Train Loss: 2.40159 Val Loss: 2.45234 Train Metrics: [0.0, 0.0] Val Metrics: [0.0, 0.0] Learning rate: 1.573e-05 
[INFO] 2019-07-10 18:28:03 > Epoch:  89 Progress: 89.0% Elapsed: 0:00:03 Examples/second: 2e+00 Train Loss: 2.1286 Val Loss: 0.0 Train Metrics: [0.0, 0.0] Val Metrics: [nan, 0.0] Learning rate: 1.591e-05 
[INFO] 2019-07-10 18:28:03 > Epoch:  90 Progress: 90.0% Elapsed: 0:00:03 Examples/second: 2e+00 Train Loss: 0.0 Val Loss: 2.78945 Train Metrics: [nan, 0.0] Val Metrics: [0.0, 0.4] Learning rate: 1.609e-05 
[INFO] 2019-07-10 18:28:03 > Saved model to checkpoint/model.model/epoch=090-val_loss=2.79-val_metrics=0.0-0.4.pth
[INFO] 2019-07-10 18:28:03 > Current best model is checkpoint/model.model/epoch=010-val_loss=2.75-val_metrics=0.0-0.417.pth
[INFO] 2019-07-10 18:28:03 > Epoch:  91 Progress: 91.0% Elapsed: 0:00:03 Examples/second: 2e+00 Train Loss: 2.09501 Val Loss: 2.70914 Train Metrics: [0.0, 0.6667] Val Metrics: [0.0, 0.375] Learning rate: 1.626e-05 
[INFO] 2019-07-10 18:28:03 > Epoch:  92 Progress: 92.0% Elapsed: 0:00:03 Examples/second: 2e+00 Train Loss: 2.237 Val Loss: 2.23529 Train Metrics: [0.4, 0.8] Val Metrics: [0.0, 0.6667] Learning rate: 1.644e-05 
[INFO] 2019-07-10 18:28:03 > Epoch:  93 Progress: 93.0% Elapsed: 0:00:03 Examples/second: 2e+00 Train Loss: 0.0 Val Loss: 1.7729 Train Metrics: [nan, 0.0] Val Metrics: [0.0, 0.25] Learning rate: 1.662e-05 
[INFO] 2019-07-10 18:28:03 > Epoch:  94 Progress: 94.0% Elapsed: 0:00:03 Examples/second: 2e+00 Train Loss: 2.30244 Val Loss: 2.55072 Train Metrics: [0.25, 0.375] Val Metrics: [0.0, 0.375] Learning rate: 1.679e-05 
[INFO] 2019-07-10 18:28:03 > Epoch:  95 Progress: 95.0% Elapsed: 0:00:03 Examples/second: 2e+00 Train Loss: 2.78809 Val Loss: 2.37225 Train Metrics: [0.0, 0.4] Val Metrics: [0.0, 0.375] Learning rate: 1.697e-05 
[INFO] 2019-07-10 18:28:03 > Epoch:  96 Progress: 96.0% Elapsed: 0:00:03 Examples/second: 2e+00 Train Loss: 2.93275 Val Loss: 1.76744 Train Metrics: [0.0, 0.0] Val Metrics: [0.0, 0.25] Learning rate: 1.715e-05 
[INFO] 2019-07-10 18:28:03 > Epoch:  97 Progress: 97.0% Elapsed: 0:00:03 Examples/second: 2e+00 Train Loss: 2.29442 Val Loss: 2.29816 Train Metrics: [0.0, 0.75] Val Metrics: [0.0, 0.3333] Learning rate: 1.732e-05 
[INFO] 2019-07-10 18:28:03 > Epoch:  98 Progress: 98.0% Elapsed: 0:00:03 Examples/second: 2e+00 Train Loss: 2.37105 Val Loss: 2.40971 Train Metrics: [0.0, 0.3333] Val Metrics: [0.0, 0.375] Learning rate: 1.75e-05 
[INFO] 2019-07-10 18:28:03 > Epoch:  99 Progress: 99.0% Elapsed: 0:00:03 Examples/second: 2e+00 Train Loss: 2.46343 Val Loss: 2.78698 Train Metrics: [0.0, 0.3333] Val Metrics: [0.0, 0.0] Learning rate: 1.768e-05 
[INFO] 2019-07-10 18:28:03 > Epoch: 100 Progress: 100.0% Elapsed: 0:00:03 Examples/second: 2e+00 Train Loss: 1.94242 Val Loss: 2.17686 Train Metrics: [0.0, 0.75] Val Metrics: [0.0, 0.3333] Learning rate: 1.785e-05 
[INFO] 2019-07-10 18:28:03 > Saved model to checkpoint/model.model/epoch=100-val_loss=2.18-val_metrics=0.0-0.333.pth
[INFO] 2019-07-10 18:28:03 > Current best model is checkpoint/model.model/epoch=010-val_loss=2.75-val_metrics=0.0-0.417.pth
